<?xml version="1.0" encoding="UTF-8"?>
<!-- Generated by org.testng.reporters.JUnitReportReporter -->
<testsuite hostname="CSGBTPLT576" failures="0" tests="1" name="testing.packages.tests.DemoTest" time="20.634" errors="0" timestamp="2022-12-27T22:15:14 IST" skipped="0">
  <testcase classname="testing.packages.tests.DemoTest" name="test" time="20.634"/>
  <system-out/>
</testsuite> <!-- testing.packages.tests.DemoTest -->
