<?xml version="1.0" encoding="UTF-8"?>
<!-- Generated by org.testng.reporters.JUnitReportReporter -->
<testsuite hostname="CSGBTPLT576" failures="0" tests="1" name="testing.packages.Test" time="2.777" errors="0" timestamp="2022-12-27T14:06:15 IST" skipped="0">
  <testcase classname="testing.packages.Test" name="test" time="2.777"/>
  <system-out/>
</testsuite> <!-- testing.packages.Test -->
